<?xml version="1.0" encoding="UTF-8"?>
<!-- Generated by org.testng.reporters.JUnitReportReporter -->
<testsuite hostname="DESKTOP-LNEBEQ3" failures="0" tests="1" name="testCaseRepo.tc_01_01" time="4.027" errors="0" timestamp="2024-09-17T19:39:26 IST" skipped="0">
  <testcase classname="testCaseRepo.tc_01_01" name="Tc_01_01" time="4.027"/>
</testsuite> <!-- testCaseRepo.tc_01_01 -->
